+r
Starting program:  
No executable specified, use `target exec'.
+r
Starting program:  
No executable specified, use `target exec'.
+rr
Undefined command: "rr".  Try "help".
+r
Starting program:  
No executable specified, use `target exec'.
+d
+s
The program is not being run.
+s
The program is not being run.
+git add .
Undefined command: "git".  Try "help".
+git commit -m "committed 2/23/2024, 2:02:24 PM"
Undefined command: "git".  Try "help".
+git push
Undefined command: "git".  Try "help".
+q
+r
Starting program: c:\Users\Prajwal D\Desktop\PSC\c_activity_sets\set02/./problem04.exe 
[New Thread 7016.0x1da0]
[New Thread 7016.0x17dc]
[Inferior 1 (process 7016) exited normally]
+git add .
Undefined command: "git".  Try "help".
+git commit -m "committed 2/27/2024, 1:49:29 PM"
Undefined command: "git".  Try "help".
+git push
Undefined command: "git".  Try "help".
+q
+r
Starting program: c:\Users\Prajwal D\Desktop\PSC\c_activity_sets\set02/./problem04.exe 
[New Thread 7512.0x1d54]
[New Thread 7512.0xf40]
[Inferior 1 (process 7512) exited normally]
+git add .
Undefined command: "git".  Try "help".
+git commit -m "committed 2/28/2024, 11:19:44 PM"
Undefined command: "git".  Try "help".
+git push
Undefined command: "git".  Try "help".
+q
