+r
Starting program: c:\Users\Prajwal D\Desktop\PSC\c_activity_sets\set02/./problem05.exe 
[New Thread 15448.0x1430]
[New Thread 15448.0x5a8]
[Inferior 1 (process 15448) exited normally]
+q
+r
Starting program: c:\Users\Prajwal D\Desktop\PSC\c_activity_sets\set02/./problem05.exe 
[New Thread 5036.0x2284]
[New Thread 5036.0x5a4]
[Inferior 1 (process 5036) exited normally]
+q
+r
Starting program: c:\Users\Prajwal D\Desktop\PSC\c_activity_sets\set02/./problem05.exe 
[New Thread 7836.0x15f0]
[New Thread 7836.0x2220]
[Inferior 1 (process 7836) exited normally]
+git add .
Undefined command: "git".  Try "help".
+git commit -m "committed 2/29/2024, 11:17:15 PM"
Undefined command: "git".  Try "help".
+git push
Undefined command: "git".  Try "help".
+q
