+b main
Breakpoint 1 at 0x40146e: file c:\Users\Prajwal D\Desktop\PSC\c_activity_sets\set01\problem02.c, line 6.
+r
Starting program: c:\Users\Prajwal D\Desktop\PSC\c_activity_sets\set01/./problem02.exe 
[New Thread 1912.0x1968]
[New Thread 1912.0xf48]

Breakpoint 1, main () at c:\Users\Prajwal D\Desktop\PSC\c_activity_sets\set01\problem02.c:6
6	    printf("Enter the first number:");
+n
7	    scanf("%d",&num1);
+n
8	    printf("Enter the second number:");
+n
9	    scanf("%d",&num2);
+s
10	    sum = num1 + num2;
+n
11	    printf("The sum of %d and %d is %d\n",num1,num2,sum);
+n
12	    return 0;
+n
13	}
+q
A debugging session is active.

	Inferior 1 [process 1912] will be killed.

Quit anyway? (y or n) error return ../../gdb-7.6.1/gdb/windows-nat.c:1275 was 5
