+b main
Breakpoint 1 at 0x40146e: file c:\Users\Prajwal D\Desktop\PSC\c_activity_sets\set01\problem03.c, line 13.
+n
The program is not being run.
+n
The program is not being run.
+q
+b main
Breakpoint 1 at 0x40146e: file c:\Users\Prajwal D\Desktop\PSC\c_activity_sets\set01\problem03.c, line 13.
+n
The program is not being run.
+s
The program is not being run.
+b
No default breakpoint address now.
+n
The program is not being run.
+git add .
Undefined command: "git".  Try "help".
+git commit -m "committed 1/23/2024, 11:03:02 AM"
Undefined command: "git".  Try "help".
+git push
Undefined command: "git".  Try "help".
+q
+b main
Breakpoint 1 at 0x40146e: file c:\Users\Prajwal D\Desktop\PSC\c_activity_sets\set01\problem03.c, line 13.
+n
The program is not being run.
+cd "c:\Users\Prajwal D\Desktop\PSC\c_activity_sets\set01"
"c:\Users\Prajwal D\Desktop\PSC\c_activity_sets\set01": Invalid argument.
+gcc -g "c:\Users\Prajwal D\Desktop\PSC\c_activity_sets\set01\problem03.c" -o "c:\Users\Prajwal D\Desktop\PSC\c_activity_sets\set01\problem03.exe" 2>&1
Undefined command: "gcc".  Try "help".
+"c:\Users\Prajwal D\Desktop\PSC\c_activity_sets\set01\problem03.exe"
Undefined command: "".  Try "help".
+cd "c:\Users\Prajwal D\Desktop\PSC\c_activity_sets\set01"
"c:\Users\Prajwal D\Desktop\PSC\c_activity_sets\set01": Invalid argument.
+gcc -g "c:\Users\Prajwal D\Desktop\PSC\c_activity_sets\set01\problem03.c" -o "c:\Users\Prajwal D\Desktop\PSC\c_activity_sets\set01\problem03.exe" 2>&1
Undefined command: "gcc".  Try "help".
+"c:\Users\Prajwal D\Desktop\PSC\c_activity_sets\set01\problem03.exe"
Undefined command: "".  Try "help".
+q
+q
+r
Starting program: c:\Users\Prajwal D\Desktop\PSC\c_activity_sets\set01/./problem03.exe 
[New Thread 8816.0x26c0]
[New Thread 8816.0x2b6c]
[Inferior 1 (process 8816) exited normally]
+q
+r
Starting program: c:\Users\Prajwal D\Desktop\PSC\c_activity_sets\set01/./problem03.exe 
[New Thread 22832.0x50c8]
[New Thread 22832.0x48ec]
[Inferior 1 (process 22832) exited normally]
+n
The program is not being run.
+q
